D:\DEVELOPMENT\CAVE_STORY\CAVE_STORY\DEBUG\ANIMATED_SPRITE.OBJ
D:\DEVELOPMENT\CAVE_STORY\CAVE_STORY\DEBUG\BACKDROP.OBJ
D:\DEVELOPMENT\CAVE_STORY\CAVE_STORY\DEBUG\FIRST_CAVE_BAT.OBJ
D:\DEVELOPMENT\CAVE_STORY\CAVE_STORY\DEBUG\GAME.OBJ
D:\DEVELOPMENT\CAVE_STORY\CAVE_STORY\DEBUG\GRAPHICS.OBJ
D:\DEVELOPMENT\CAVE_STORY\CAVE_STORY\DEBUG\INPUT.OBJ
D:\DEVELOPMENT\CAVE_STORY\CAVE_STORY\DEBUG\MAIN.OBJ
D:\DEVELOPMENT\CAVE_STORY\CAVE_STORY\DEBUG\MAP.OBJ
D:\DEVELOPMENT\CAVE_STORY\CAVE_STORY\DEBUG\PLAYER.OBJ
D:\DEVELOPMENT\CAVE_STORY\CAVE_STORY\DEBUG\SPRITE.OBJ
D:\DEVELOPMENT\CAVE_STORY\CAVE_STORY\DEBUG\UNITS.OBJ
D:\DEVELOPMENT\CAVE_STORY\CAVE_STORY\DEBUG\VC110.PDB
D:\DEVELOPMENT\CAVE_STORY\CAVE_STORY\DEBUG\NUMBER_SPRITE.OBJ
D:\DEVELOPMENT\CAVE_STORY\CAVE_STORY\DEBUG\PLAYER_HEALTH.OBJ
D:\DEVELOPMENT\CAVE_STORY\DEBUG\CAVE_STORY.ILK
D:\DEVELOPMENT\CAVE_STORY\DEBUG\CAVE_STORY.EXE
D:\DEVELOPMENT\CAVE_STORY\DEBUG\CAVE_STORY.PDB
D:\Development\Cave_Story\Cave_Story\Debug\animated_sprite.obj
D:\Development\Cave_Story\Cave_Story\Debug\backdrop.obj
D:\Development\Cave_Story\Cave_Story\Debug\first_cave_bat.obj
D:\Development\Cave_Story\Cave_Story\Debug\game.obj
D:\Development\Cave_Story\Cave_Story\Debug\graphics.obj
D:\Development\Cave_Story\Cave_Story\Debug\input.obj
D:\Development\Cave_Story\Cave_Story\Debug\main.obj
D:\Development\Cave_Story\Cave_Story\Debug\map.obj
D:\Development\Cave_Story\Cave_Story\Debug\number_sprite.obj
D:\Development\Cave_Story\Cave_Story\Debug\player.obj
D:\Development\Cave_Story\Cave_Story\Debug\player_health.obj
D:\Development\Cave_Story\Cave_Story\Debug\sprite.obj
D:\Development\Cave_Story\Cave_Story\Debug\units.obj
D:\Development\Cave_Story\Cave_Story\Debug\cl.command.1.tlog
D:\Development\Cave_Story\Cave_Story\Debug\CL.read.1.tlog
D:\Development\Cave_Story\Cave_Story\Debug\CL.write.1.tlog
D:\Development\Cave_Story\Cave_Story\Debug\link-cvtres.read.1.tlog
D:\Development\Cave_Story\Cave_Story\Debug\link-cvtres.write.1.tlog
D:\Development\Cave_Story\Cave_Story\Debug\link-rc.read.1.tlog
D:\Development\Cave_Story\Cave_Story\Debug\link-rc.write.1.tlog
D:\Development\Cave_Story\Cave_Story\Debug\link.11096-cvtres.read.1.tlog
D:\Development\Cave_Story\Cave_Story\Debug\link.11096-cvtres.write.1.tlog
D:\Development\Cave_Story\Cave_Story\Debug\link.11096-rc.read.1.tlog
D:\Development\Cave_Story\Cave_Story\Debug\link.11096-rc.write.1.tlog
D:\Development\Cave_Story\Cave_Story\Debug\link.11096.read.1.tlog
D:\Development\Cave_Story\Cave_Story\Debug\link.11096.write.1.tlog
D:\Development\Cave_Story\Cave_Story\Debug\link.1392-cvtres.read.1.tlog
D:\Development\Cave_Story\Cave_Story\Debug\link.1392-cvtres.write.1.tlog
D:\Development\Cave_Story\Cave_Story\Debug\link.1392-rc.read.1.tlog
D:\Development\Cave_Story\Cave_Story\Debug\link.1392-rc.write.1.tlog
D:\Development\Cave_Story\Cave_Story\Debug\link.1392.read.1.tlog
D:\Development\Cave_Story\Cave_Story\Debug\link.1392.write.1.tlog
D:\Development\Cave_Story\Cave_Story\Debug\link.15644-cvtres.read.1.tlog
D:\Development\Cave_Story\Cave_Story\Debug\link.15644-cvtres.write.1.tlog
D:\Development\Cave_Story\Cave_Story\Debug\link.15644-rc.read.1.tlog
D:\Development\Cave_Story\Cave_Story\Debug\link.15644-rc.write.1.tlog
D:\Development\Cave_Story\Cave_Story\Debug\link.15644.read.1.tlog
D:\Development\Cave_Story\Cave_Story\Debug\link.15644.write.1.tlog
D:\Development\Cave_Story\Cave_Story\Debug\link.17388-cvtres.read.1.tlog
D:\Development\Cave_Story\Cave_Story\Debug\link.17388-cvtres.write.1.tlog
D:\Development\Cave_Story\Cave_Story\Debug\link.17388-rc.read.1.tlog
D:\Development\Cave_Story\Cave_Story\Debug\link.17388-rc.write.1.tlog
D:\Development\Cave_Story\Cave_Story\Debug\link.17388.read.1.tlog
D:\Development\Cave_Story\Cave_Story\Debug\link.17388.write.1.tlog
D:\Development\Cave_Story\Cave_Story\Debug\link.3804-cvtres.read.1.tlog
D:\Development\Cave_Story\Cave_Story\Debug\link.3804-cvtres.write.1.tlog
D:\Development\Cave_Story\Cave_Story\Debug\link.3804-rc.read.1.tlog
D:\Development\Cave_Story\Cave_Story\Debug\link.3804-rc.write.1.tlog
D:\Development\Cave_Story\Cave_Story\Debug\link.3804.read.1.tlog
D:\Development\Cave_Story\Cave_Story\Debug\link.3804.write.1.tlog
D:\Development\Cave_Story\Cave_Story\Debug\link.8744-cvtres.read.1.tlog
D:\Development\Cave_Story\Cave_Story\Debug\link.8744-cvtres.write.1.tlog
D:\Development\Cave_Story\Cave_Story\Debug\link.8744-rc.read.1.tlog
D:\Development\Cave_Story\Cave_Story\Debug\link.8744-rc.write.1.tlog
D:\Development\Cave_Story\Cave_Story\Debug\link.8744.read.1.tlog
D:\Development\Cave_Story\Cave_Story\Debug\link.8744.write.1.tlog
D:\Development\Cave_Story\Cave_Story\Debug\link.command.1.tlog
D:\Development\Cave_Story\Cave_Story\Debug\link.read.1.tlog
D:\Development\Cave_Story\Cave_Story\Debug\link.write.1.tlog
D:\Development\Cave_Story\Cave_Story\Debug\vc110.idb
D:\Development\Cave_Story\Cave_Story\Debug\vc110.pdb
D:\Development\Cave_Story\Debug\Cave_Story.pdb
D:\Development\Cave_Story\Debug\Cave_Story.exe
D:\Development\Cave_Story\Debug\Cave_Story.ilk
